c:\users\chunc\desktop\peace\coursework\cse\cse169\cse-169\debug\vc141.pdb
c:\users\chunc\desktop\peace\coursework\cse\cse169\cse-169\debug\vc141.idb
c:\users\chunc\desktop\peace\coursework\cse\cse169\cse-169\debug\camera.obj
c:\users\chunc\desktop\peace\coursework\cse\cse169\cse-169\debug\dof.obj
c:\users\chunc\desktop\peace\coursework\cse\cse169\cse-169\debug\joint.obj
c:\users\chunc\desktop\peace\coursework\cse\cse169\cse-169\debug\model.obj
c:\users\chunc\desktop\peace\coursework\cse\cse169\cse-169\debug\scene.obj
c:\users\chunc\desktop\peace\coursework\cse\cse169\cse-169\debug\shader.obj
c:\users\chunc\desktop\peace\coursework\cse\cse169\cse-169\debug\skeleton.obj
c:\users\chunc\desktop\peace\coursework\cse\cse169\cse-169\debug\skin.obj
c:\users\chunc\desktop\peace\coursework\cse\cse169\cse-169\debug\spinningcube.obj
c:\users\chunc\desktop\peace\coursework\cse\cse169\cse-169\debug\tester.obj
c:\users\chunc\desktop\peace\coursework\cse\cse169\cse-169\debug\tokenizer.obj
c:\users\chunc\desktop\peace\coursework\cse\cse169\cse-169\debug\cse169.pdb
c:\users\chunc\desktop\peace\coursework\cse\cse169\cse-169\debug\cse169.tlog\cl.command.1.tlog
c:\users\chunc\desktop\peace\coursework\cse\cse169\cse-169\debug\cse169.tlog\cl.read.1.tlog
c:\users\chunc\desktop\peace\coursework\cse\cse169\cse-169\debug\cse169.tlog\cl.write.1.tlog
c:\users\chunc\desktop\peace\coursework\cse\cse169\cse-169\debug\cse169.tlog\link-cvtres.read.1.tlog
c:\users\chunc\desktop\peace\coursework\cse\cse169\cse-169\debug\cse169.tlog\link-cvtres.write.1.tlog
c:\users\chunc\desktop\peace\coursework\cse\cse169\cse-169\debug\cse169.tlog\link-rc.read.1.tlog
c:\users\chunc\desktop\peace\coursework\cse\cse169\cse-169\debug\cse169.tlog\link-rc.write.1.tlog
c:\users\chunc\desktop\peace\coursework\cse\cse169\cse-169\debug\cse169.tlog\link.command.1.tlog
c:\users\chunc\desktop\peace\coursework\cse\cse169\cse-169\debug\cse169.tlog\link.read.1.tlog
c:\users\chunc\desktop\peace\coursework\cse\cse169\cse-169\debug\cse169.tlog\link.write.1.tlog
