  Tokenizer.cpp
  Tester.cpp
c:\users\chunc\desktop\peace\coursework\cse\cse 169\project0\project0\cse-169\tester.cpp(29): warning C4244: 'initializing': conversion from 'float' to 'int', possible loss of data
c:\users\chunc\desktop\peace\coursework\cse\cse 169\project0\project0\cse-169\tester.cpp(30): warning C4244: 'initializing': conversion from 'float' to 'int', possible loss of data
  SpinningCube.cpp
  Skin.cpp
c:\users\chunc\desktop\peace\coursework\cse\cse 169\project0\project0\cse-169\skin.cpp(3): warning C4305: 'initializing': truncation from 'double' to 'float'
c:\users\chunc\desktop\peace\coursework\cse\cse 169\project0\project0\cse-169\skin.cpp(43): warning C4018: '<': signed/unsigned mismatch
c:\users\chunc\desktop\peace\coursework\cse\cse 169\project0\project0\cse-169\skin.cpp(59): warning C4018: '<': signed/unsigned mismatch
c:\users\chunc\desktop\peace\coursework\cse\cse 169\project0\project0\cse-169\skin.cpp(65): warning C4018: '<': signed/unsigned mismatch
c:\users\chunc\desktop\peace\coursework\cse\cse 169\project0\project0\cse-169\skin.cpp(80): warning C4018: '<': signed/unsigned mismatch
c:\users\chunc\desktop\peace\coursework\cse\cse 169\project0\project0\cse-169\skin.cpp(109): warning C4018: '<': signed/unsigned mismatch
c:\users\chunc\desktop\peace\coursework\cse\cse 169\project0\project0\cse-169\skin.cpp(149): warning C4018: '<': signed/unsigned mismatch
  Skeleton.cpp
  Shader.cpp
  Scene.cpp
  Particle.cpp
  Model.cpp
  Keyframe.cpp
  Joint.cpp
c:\users\chunc\desktop\peace\coursework\cse\cse 169\project0\project0\cse-169\joint.cpp(53): warning C4996: 'strdup': The POSIX name for this item is deprecated. Instead, use the ISO C and C++ conformant name: _strdup. See online help for details.
  c:\program files (x86)\windows kits\10\include\10.0.16299.0\ucrt\string.h(538): note: see declaration of 'strdup'
  DOF.cpp
  Channel.cpp
c:\users\chunc\desktop\peace\coursework\cse\cse 169\project0\project0\cse-169\channel.cpp(25): warning C4996: 'strdup': The POSIX name for this item is deprecated. Instead, use the ISO C and C++ conformant name: _strdup. See online help for details.
  c:\program files (x86)\windows kits\10\include\10.0.16299.0\ucrt\string.h(538): note: see declaration of 'strdup'
c:\users\chunc\desktop\peace\coursework\cse\cse 169\project0\project0\cse-169\channel.cpp(29): warning C4996: 'strdup': The POSIX name for this item is deprecated. Instead, use the ISO C and C++ conformant name: _strdup. See online help for details.
  c:\program files (x86)\windows kits\10\include\10.0.16299.0\ucrt\string.h(538): note: see declaration of 'strdup'
c:\users\chunc\desktop\peace\coursework\cse\cse 169\project0\project0\cse-169\channel.cpp(42): warning C4996: 'strdup': The POSIX name for this item is deprecated. Instead, use the ISO C and C++ conformant name: _strdup. See online help for details.
  c:\program files (x86)\windows kits\10\include\10.0.16299.0\ucrt\string.h(538): note: see declaration of 'strdup'
c:\users\chunc\desktop\peace\coursework\cse\cse 169\project0\project0\cse-169\channel.cpp(46): warning C4996: 'strdup': The POSIX name for this item is deprecated. Instead, use the ISO C and C++ conformant name: _strdup. See online help for details.
  c:\program files (x86)\windows kits\10\include\10.0.16299.0\ucrt\string.h(538): note: see declaration of 'strdup'
c:\users\chunc\desktop\peace\coursework\cse\cse 169\project0\project0\cse-169\channel.cpp(124): warning C4018: '<': signed/unsigned mismatch
c:\users\chunc\desktop\peace\coursework\cse\cse 169\project0\project0\cse-169\channel.cpp(209): warning C4244: 'initializing': conversion from 'float' to 'int', possible loss of data
c:\users\chunc\desktop\peace\coursework\cse\cse 169\project0\project0\cse-169\channel.cpp(217): warning C4244: 'initializing': conversion from 'float' to 'int', possible loss of data
c:\users\chunc\desktop\peace\coursework\cse\cse 169\project0\project0\cse-169\channel.cpp(219): warning C4244: 'initializing': conversion from 'int' to 'float', possible loss of data
c:\users\chunc\desktop\peace\coursework\cse\cse 169\project0\project0\cse-169\channel.cpp(238): warning C4244: 'initializing': conversion from 'float' to 'int', possible loss of data
c:\users\chunc\desktop\peace\coursework\cse\cse 169\project0\project0\cse-169\channel.cpp(245): warning C4244: 'initializing': conversion from 'float' to 'int', possible loss of data
c:\users\chunc\desktop\peace\coursework\cse\cse 169\project0\project0\cse-169\channel.cpp(247): warning C4244: 'initializing': conversion from 'int' to 'float', possible loss of data
  Camera.cpp
  BMPImage.cpp
c:\users\chunc\desktop\peace\coursework\cse\cse 169\project0\project0\cse-169\bmpimage.cpp(12): warning C4996: 'fopen': This function or variable may be unsafe. Consider using fopen_s instead. To disable deprecation, use _CRT_SECURE_NO_WARNINGS. See online help for details.
  c:\program files (x86)\windows kits\10\include\10.0.16299.0\ucrt\stdio.h(207): note: see declaration of 'fopen'
c:\users\chunc\desktop\peace\coursework\cse\cse 169\project0\project0\cse-169\bmpimage.cpp(7): warning C4101: 'i': unreferenced local variable
  AnimationClip.cpp
c:\users\chunc\desktop\peace\coursework\cse\cse 169\project0\project0\cse-169\animationclip.cpp(62): warning C4244: 'initializing': conversion from 'double' to 'int', possible loss of data
  Generating Code...
c:\users\chunc\desktop\peace\coursework\cse\cse 169\project0\project0\cse-169\channel.cpp(252): warning C4715: 'Channel::extrapolate': not all control paths return a value
LINK : warning LNK4098: defaultlib 'LIBCMT' conflicts with use of other libs; use /NODEFAULTLIB:library
glew32s.lib(glew.obj) : warning LNK4099: PDB 'vc120.pdb' was not found with 'glew32s.lib(glew.obj)' or at 'C:\Users\chunc\Desktop\Peace\Coursework\CSE\CSE 169\Project0\Project0\CSE-169\Debug\vc120.pdb'; linking object as if no debug info
  cse169.vcxproj -> C:\Users\chunc\Desktop\Peace\Coursework\CSE\CSE 169\Project0\Project0\CSE-169\Debug\cse169.exe
